03/27/2018 10:51:59 Guardião Itaú, versão 1.17.2 Descrição do processo de instalação do Guardião. As informações contidas nesse documento poderão ser solicitadas pela central de atendimento caso ocorra um erro no processo de instalação. A exclusão desse documento não acarreta nenhum problema de performance na sua máquina.
03/27/2018 10:51:59 1.17.2.1
03/27/2018 10:51:59 Usuário: Win10(Administrador)
03/27/2018 10:51:59 Versão do Sistema Operacional: 6.2.9200
03/27/2018 10:51:59 64 Bits: true
03/27/2018 10:51:59   ( 0.7 )
03/27/2018 10:51:59 UAC: Ativado
03/27/2018 10:51:59 Verificando se Firefox está instalado...
03/27/2018 10:51:59 Firefox não instalado.
03/27/2018 10:51:59 [Ativação do TLS no Windows] Verificando...
03/27/2018 10:51:59 [Ativação do TLS no Windows] 
03/27/2018 10:51:59 [Ativação do TLS no Windows] Ok.
03/27/2018 10:51:59 [Configurações gerais] Verificando...
03/27/2018 10:51:59 [Configurações gerais] Ok.
03/27/2018 10:51:59 [Configurações gerais] Verificando...
03/27/2018 10:51:59 [Configurações gerais] Ok.
03/27/2018 10:51:59 [Configurações gerais] Verificando...
03/27/2018 10:51:59 [Configurações gerais] Ok.
03/27/2018 10:51:59 [Verificando versões anteriores] Verificando...
03/27/2018 10:51:59 [Verificando versões anteriores] Ok.
03/27/2018 10:51:59 [Executando a instalação do Guardião] Verificando...
03/27/2018 10:51:59 [Executando a instalação do Guardião] Efetuando download ...
03/27/2018 10:52:06 [Executando a instalação do Guardião] Instalando...
03/27/2018 10:52:13 [Executando a instalação do Guardião] Ok.
03/27/2018 10:52:13 [Restaurando os registros do Warsaw] Verificando...
03/27/2018 10:52:13 [Restaurando os registros do Warsaw] Ok.
03/27/2018 10:52:13 [Verificando arquivos do Guardião] Verificando...
03/27/2018 10:52:13 [Verificando arquivos do Guardião] Ok.
03/27/2018 10:52:13 [Instalando Cliente do Guardião] Verificando...
03/27/2018 10:52:35 [Instalando Cliente do Guardião] Instalando...
03/27/2018 10:52:41 [Instalando Cliente do Guardião] Ok.
03/27/2018 10:52:41 CONCLUÍDO.
03/27/2018 10:55:04 Guardião Itaú, versão 1.17.2 Descrição do processo de instalação do Guardião. As informações contidas nesse documento poderão ser solicitadas pela central de atendimento caso ocorra um erro no processo de instalação. A exclusão desse documento não acarreta nenhum problema de performance na sua máquina.
03/27/2018 10:55:04 1.17.2.1
03/27/2018 10:55:04 Usuário: Win10(Administrador)
03/27/2018 10:55:04 Versão do Sistema Operacional: 6.2.9200
03/27/2018 10:55:04 64 Bits: true
03/27/2018 10:55:04   ( 0.7 )
03/27/2018 10:55:04 UAC: Ativado
03/27/2018 10:55:04 Verificando se Firefox está instalado...
03/27/2018 10:55:04 Firefox não instalado.
03/27/2018 10:55:04 [Ativação do TLS no Windows] Verificando...
03/27/2018 10:55:04 [Ativação do TLS no Windows] 
03/27/2018 10:55:05 [Ativação do TLS no Windows] Ok.
03/27/2018 10:55:05 [Configurações gerais] Verificando...
03/27/2018 10:55:05 [Configurações gerais] Ok.
03/27/2018 10:55:05 [Configurações gerais] Verificando...
03/27/2018 10:55:05 [Configurações gerais] Ok.
03/27/2018 10:55:05 [Configurações gerais] Verificando...
03/27/2018 10:55:05 [Configurações gerais] Ok.
03/27/2018 10:55:05 [Verificando versões anteriores] Verificando...
03/27/2018 10:55:05 [Verificando versões anteriores] Ok.
03/27/2018 10:55:05 [Executando a instalação do Guardião] Verificando...
03/27/2018 10:55:05 [Executando a instalação do Guardião] Efetuando download ...
03/27/2018 10:55:11 [Executando a instalação do Guardião] Instalando...
03/27/2018 10:56:10 [Executando a instalação do Guardião] Ok.
03/27/2018 10:56:10 [Restaurando os registros do Warsaw] Verificando...
03/27/2018 10:56:11 [Restaurando os registros do Warsaw] Ok.
03/27/2018 10:56:11 [Verificando arquivos do Guardião] Verificando...
03/27/2018 10:56:11 [Verificando arquivos do Guardião] Ok.
03/27/2018 10:56:11 [Instalando Cliente do Guardião] Verificando...
03/27/2018 10:56:32 [Instalando Cliente do Guardião] Ok.
03/27/2018 10:56:32 CONCLUÍDO.
